1582225017810	mozrunner::runner	INFO	Running command: "/usr/bin/firefox" "-marionette" "-headless" "-foreground" "-no-remote" "-profile" "/tmp/rust_mozprofileBSCgUG"
*** You are running in headless mode.
1582225019277	addons.webextension.screenshots@mozilla.org	WARN	Loading extension 'screenshots@mozilla.org': Reading manifest: Invalid extension permission: mozillaAddons
1582225019278	addons.webextension.screenshots@mozilla.org	WARN	Loading extension 'screenshots@mozilla.org': Reading manifest: Invalid extension permission: telemetry
1582225019279	addons.webextension.screenshots@mozilla.org	WARN	Loading extension 'screenshots@mozilla.org': Reading manifest: Invalid extension permission: resource://pdf.js/
1582225019279	addons.webextension.screenshots@mozilla.org	WARN	Loading extension 'screenshots@mozilla.org': Reading manifest: Invalid extension permission: about:reader*
JavaScript error: undefined, line 14: Error: An unexpected error occurred
JavaScript error: moz-extension://30e23422-4e9d-4944-bd75-d26596259622/lib/picture_in_picture_overrides.js, line 15: Error: Incorrect argument types for pictureInPictureParent.setOverrides.
JavaScript error: resource:///modules/sessionstore/SessionStore.jsm, line 1325: uncaught exception: 2147746065
1582225024842	Marionette	INFO	Listening on port 43687
1582225024944	Marionette	WARN	TLS certificate errors will be ignored for this session
1582225026189	mozrunner::runner	INFO	Running command: "/usr/bin/firefox" "-marionette" "-headless" "-foreground" "-no-remote" "-profile" "/tmp/rust_mozprofilezsA9Rw"
*** You are running in headless mode.
1582225027840	addons.webextension.screenshots@mozilla.org	WARN	Loading extension 'screenshots@mozilla.org': Reading manifest: Invalid extension permission: mozillaAddons
1582225027840	addons.webextension.screenshots@mozilla.org	WARN	Loading extension 'screenshots@mozilla.org': Reading manifest: Invalid extension permission: telemetry
1582225027841	addons.webextension.screenshots@mozilla.org	WARN	Loading extension 'screenshots@mozilla.org': Reading manifest: Invalid extension permission: resource://pdf.js/
1582225027841	addons.webextension.screenshots@mozilla.org	WARN	Loading extension 'screenshots@mozilla.org': Reading manifest: Invalid extension permission: about:reader*
JavaScript error: undefined, line 14: Error: An unexpected error occurred
JavaScript error: moz-extension://17db17de-39ac-467e-8be4-ac323821878d/lib/picture_in_picture_overrides.js, line 15: Error: Incorrect argument types for pictureInPictureParent.setOverrides.
JavaScript error: resource:///modules/sessionstore/SessionStore.jsm, line 1325: uncaught exception: 2147746065
1582225033236	Marionette	INFO	Listening on port 39493
1582225033328	Marionette	WARN	TLS certificate errors will be ignored for this session
1582225067803	Marionette	INFO	Stopped listening on port 43687
1582225640388	mozrunner::runner	INFO	Running command: "/usr/bin/firefox" "-marionette" "-headless" "-foreground" "-no-remote" "-profile" "/tmp/rust_mozprofilex8Vemv"
*** You are running in headless mode.
1582225641927	addons.webextension.screenshots@mozilla.org	WARN	Loading extension 'screenshots@mozilla.org': Reading manifest: Invalid extension permission: mozillaAddons
1582225641927	addons.webextension.screenshots@mozilla.org	WARN	Loading extension 'screenshots@mozilla.org': Reading manifest: Invalid extension permission: telemetry
1582225641928	addons.webextension.screenshots@mozilla.org	WARN	Loading extension 'screenshots@mozilla.org': Reading manifest: Invalid extension permission: resource://pdf.js/
1582225641928	addons.webextension.screenshots@mozilla.org	WARN	Loading extension 'screenshots@mozilla.org': Reading manifest: Invalid extension permission: about:reader*
JavaScript error: undefined, line 14: Error: An unexpected error occurred
JavaScript error: moz-extension://cb68d9c3-371c-4d6b-9bf4-48ba84ce7601/lib/picture_in_picture_overrides.js, line 15: Error: Incorrect argument types for pictureInPictureParent.setOverrides.
JavaScript error: resource:///modules/sessionstore/SessionStore.jsm, line 1325: uncaught exception: 2147746065
1582225647207	Marionette	INFO	Listening on port 40439
1582225647238	Marionette	WARN	TLS certificate errors will be ignored for this session
1582225648440	mozrunner::runner	INFO	Running command: "/usr/bin/firefox" "-marionette" "-headless" "-foreground" "-no-remote" "-profile" "/tmp/rust_mozprofileWDsLUX"
*** You are running in headless mode.
1582225650106	addons.webextension.screenshots@mozilla.org	WARN	Loading extension 'screenshots@mozilla.org': Reading manifest: Invalid extension permission: mozillaAddons
1582225650107	addons.webextension.screenshots@mozilla.org	WARN	Loading extension 'screenshots@mozilla.org': Reading manifest: Invalid extension permission: telemetry
1582225650107	addons.webextension.screenshots@mozilla.org	WARN	Loading extension 'screenshots@mozilla.org': Reading manifest: Invalid extension permission: resource://pdf.js/
1582225650108	addons.webextension.screenshots@mozilla.org	WARN	Loading extension 'screenshots@mozilla.org': Reading manifest: Invalid extension permission: about:reader*
JavaScript error: undefined, line 14: Error: An unexpected error occurred
JavaScript error: moz-extension://fa5277ce-c7e3-4158-be76-3df4a40e6f28/lib/picture_in_picture_overrides.js, line 15: Error: Incorrect argument types for pictureInPictureParent.setOverrides.
JavaScript error: resource:///modules/sessionstore/SessionStore.jsm, line 1325: uncaught exception: 2147746065
1582225656043	Marionette	INFO	Listening on port 34631
1582225656090	Marionette	WARN	TLS certificate errors will be ignored for this session
1582225734788	Marionette	INFO	Stopped listening on port 40439
[Parent 28568, Gecko_IOThread] WARNING: pipe error: Broken pipe: file /build/firefox-esr-OkiLyK/firefox-esr-68.5.0esr/ipc/chromium/src/chrome/common/ipc_channel_posix.cc, line 727
